  UnitTest.cpp
C:\Users\Рома\YandexDisk\Лабораторные работы по программированию\Лабораторная работа №4\LAB_4\LAB_4\myArray.h(77,3): error C2653: MessageBox: не является именем класса или пространства имен
  (компиляция исходного файла "/UnitTest.cpp")
  C:\Users\Рома\YandexDisk\Лабораторные работы по программированию\Лабораторная работа №4\LAB_4\LAB_4\myArray.h(77,3):
  контекст создания экземпляра шаблона (сначала самый старый)
  	C:\Users\Рома\YandexDisk\Лабораторные работы по программированию\Лабораторная работа №4\LAB_4\UnitTest\UnitTest.cpp(14,17):
  	выполняется компиляция ссылки на экземпляр класс шаблон функции "myArray<int>"
  	C:\Users\Рома\YandexDisk\Лабораторные работы по программированию\Лабораторная работа №4\LAB_4\LAB_4\myArray.h(69,14):
  	во время компиляции функции-члена класс шаблон "void myArray<int>::push(T)"
          with
          [
              T=int
          ]
  		C:\Users\Рома\YandexDisk\Лабораторные работы по программированию\Лабораторная работа №4\LAB_4\UnitTest\UnitTest.cpp(15,10):
  		см. первую ссылку на "myArray<int>::push" в "UnitTest::UnitTest::pushArray"
  
C:\Users\Рома\YandexDisk\Лабораторные работы по программированию\Лабораторная работа №4\LAB_4\LAB_4\myArray.h(77,69): error C2653: MessageBoxButtons: не является именем класса или пространства имен
  (компиляция исходного файла "/UnitTest.cpp")
  
C:\Users\Рома\YandexDisk\Лабораторные работы по программированию\Лабораторная работа №4\LAB_4\LAB_4\myArray.h(77,88): error C2065: OK: необъявленный идентификатор
  (компиляция исходного файла "/UnitTest.cpp")
  
C:\Users\Рома\YandexDisk\Лабораторные работы по программированию\Лабораторная работа №4\LAB_4\LAB_4\myArray.h(77,92): error C2653: MessageBoxIcon: не является именем класса или пространства имен
  (компиляция исходного файла "/UnitTest.cpp")
  
C:\Users\Рома\YandexDisk\Лабораторные работы по программированию\Лабораторная работа №4\LAB_4\LAB_4\myArray.h(77,108): error C2065: Exclamation: необъявленный идентификатор
  (компиляция исходного файла "/UnitTest.cpp")
  
C:\Users\Рома\YandexDisk\Лабораторные работы по программированию\Лабораторная работа №4\LAB_4\LAB_4\myArray.h(77,15): error C3861: Show: идентификатор не найден
  (компиляция исходного файла "/UnitTest.cpp")
  
